<?xml version="1.0" encoding="UTF-8"?>
<xdsSenderConfig 
	iti8Pix="mllps://clearinghouse.lifeimage.com:8888" 
	iti8Reg="mllps://clearinghouse.lifeimage.com:8890" 
	iti41="https://clearinghouse.lifeimage.com/services/xdsrepositoryb" 
	iti41Test="http://localhost:8888/" 
	iti41SrcId="1.3.6.1.4.1.19376.2.840.1.1.2.1" 
	timeout="120000" >

</xdsSenderConfig>
